<?xml version="1.0" encoding="UTF-8"?>
<!-- Generated by org.testng.reporters.JUnitReportReporter -->
<testsuite hostname="LAPTOP-DQ7KB8NS" failures="0" tests="2" name="TestNgImquestion.Test3" time="10.567" errors="0" timestamp="2024-06-10T15:22:37 IST" skipped="0">
  <testcase classname="TestNgImquestion.Test3" name="submanu" time="4.717"/>
  <testcase classname="TestNgImquestion.Test3" name="SeachBar" time="5.850"/>
</testsuite> <!-- TestNgImquestion.Test3 -->
