<?xml version="1.0" encoding="UTF-8"?>
<!-- Generated by org.testng.reporters.JUnitReportReporter -->
<testsuite hostname="LAPTOP-DQ7KB8NS" failures="0" tests="1" name="com.MyAccount.Module.SearchBar" time="0.590" errors="0" timestamp="2024-06-01T18:07:34 IST" skipped="0">
  <testcase classname="com.MyAccount.Module.SearchBar" name="dropdwonMenu" time="0.590"/>
</testsuite> <!-- com.MyAccount.Module.SearchBar -->
