<?xml version="1.0" encoding="UTF-8"?>
<!-- Generated by org.testng.reporters.JUnitReportReporter -->
<testsuite hostname="LAPTOP-DQ7KB8NS" failures="0" tests="1" name="TestNgImquestion.Test1" time="2.283" errors="0" timestamp="2024-06-12T17:31:00 IST" skipped="0">
  <testcase classname="TestNgImquestion.Test1" name="Signin" time="2.283"/>
</testsuite> <!-- TestNgImquestion.Test1 -->
