<?xml version="1.0" encoding="UTF-8"?>
<!-- Generated by org.testng.reporters.JUnitReportReporter -->
<testsuite hostname="LAPTOP-DQ7KB8NS" failures="0" tests="1" name="TestNgImquestion.Test2" time="3.032" errors="0" timestamp="2024-06-10T15:22:37 IST" skipped="0">
  <testcase classname="TestNgImquestion.Test2" name="LangloageChange" time="3.032"/>
</testsuite> <!-- TestNgImquestion.Test2 -->
